06/29/12 01:58:27 AM - Building message catalogs...
06/29/12 01:58:28 AM - Building Windows install...  
06/29/12 01:58:28 AM - Building main.tcl...
06/29/12 01:58:28 AM - Refreshing file groups...
06/29/12 01:58:30 AM - Getting file list...
06/29/12 01:58:38 AM - File 'C:/Users/killian/Dropbox/GadgetFactory/GadgetFactory_Engineering/papilio-arcade' does not exist!
06/29/12 01:58:38 AM - File 'C:/Users/killian/Dropbox/GadgetFactory/GadgetFactory_Engineering/Papilio-Loader/Java-GUI/programmer/bscan_spi_lx9.bit' does not exist!
06/29/12 01:58:38 AM - File 'C:/Users/killian/Dropbox/GadgetFactory/GadgetFactory_Engineering/Papilio-Loader/Java-GUI/Fpga' does not exist!
06/29/12 01:58:38 AM - File 'C:/Users/killian/Dropbox/GadgetFactory/GadgetFactory_Engineering/Papilio-Loader/Java-GUI/Helper_App' does not exist!
06/29/12 01:58:38 AM - File 'C:/Users/killian/Dropbox/GadgetFactory/GadgetFactory_Engineering/Papilio-Loader/Java-GUI/Java-GUI' does not exist!
06/29/12 01:58:38 AM - File 'C:/Users/killian/Dropbox/GadgetFactory/GadgetFactory_Engineering/Papilio-Loader/Java-GUI/Program' does not exist!
06/29/12 01:58:38 AM - File 'C:/Users/killian/Dropbox/GadgetFactory/GadgetFactory_Engineering/Papilio-Loader/Java-GUI/.git' does not exist!
06/29/12 01:58:38 AM - Windows build completed with errors
06/29/12 01:58:38 AM - Build completed in 00m11s.
06/29/12 02:20:01 AM - Building message catalogs...
06/29/12 02:20:01 AM - Building Windows install...  
06/29/12 02:20:01 AM - Building main.tcl...
06/29/12 02:20:01 AM - Refreshing file groups...
06/29/12 02:20:05 AM - Getting file list...
06/29/12 02:20:14 AM - File 'C:/Users/killian/Dropbox/GadgetFactory/GadgetFactory_Engineering/Arcade-Blaster/Arcade-Blaster/bin' does not exist!
06/29/12 02:20:14 AM - File 'C:/Users/killian/Dropbox/GadgetFactory/GadgetFactory_Engineering/Arcade-Blaster/Arcade-Blaster/images/grid-allok.png' does not exist!
06/29/12 02:20:14 AM - File 'C:/Users/killian/Dropbox/GadgetFactory/GadgetFactory_Engineering/Arcade-Blaster/Arcade-Blaster/images/grid-checkmark.png' does not exist!
06/29/12 02:20:14 AM - File 'C:/Users/killian/Dropbox/GadgetFactory/GadgetFactory_Engineering/Arcade-Blaster/Arcade-Blaster/images/grid-cross.png' does not exist!
06/29/12 02:20:14 AM - File 'C:/Users/killian/Dropbox/GadgetFactory/GadgetFactory_Engineering/Arcade-Blaster/Arcade-Blaster/Arcade-Blaster' does not exist!
06/29/12 02:20:14 AM - File 'C:/Users/killian/Dropbox/GadgetFactory/GadgetFactory_Engineering/Arcade-Blaster/Arcade-Blaster/gadget-shared' does not exist!
06/29/12 02:20:14 AM - File 'C:/Users/killian/Dropbox/GadgetFactory/GadgetFactory_Engineering/Arcade-Blaster/Arcade-Blaster/.git' does not exist!
06/29/12 02:20:14 AM - Windows build completed with errors
06/29/12 02:20:14 AM - Build completed in 00m13s.
06/29/12 02:29:13 AM - Building message catalogs...
06/29/12 02:29:13 AM - Building Windows install...  
06/29/12 02:29:13 AM - Building main.tcl...
06/29/12 02:29:13 AM - Refreshing file groups...
06/29/12 02:29:16 AM - Getting file list...
06/29/12 02:29:26 AM - Building file manifest...
06/29/12 02:29:26 AM - Saving install information...
06/29/12 02:29:28 AM - Building install...
06/29/12 02:29:31 AM - Building install executable...
06/29/12 02:30:49 AM - Windows build completed in 01m36s.
06/29/12 02:30:49 AM - Installer size is 47.43 MB.
06/29/12 02:30:49 AM - Build completed in 01m36s.
06/29/12 02:40:57 AM - Building message catalogs...
06/29/12 02:40:57 AM - Building Windows install...  
06/29/12 02:40:57 AM - Building main.tcl...
06/29/12 02:40:57 AM - Refreshing file groups...
06/29/12 02:41:00 AM - Getting file list...
06/29/12 02:41:09 AM - Building file manifest...
06/29/12 02:41:09 AM - Saving install information...
06/29/12 02:41:10 AM - Building install...
06/29/12 02:41:12 AM - Building install executable...
06/29/12 02:42:21 AM - Windows build completed in 01m24s.
06/29/12 02:42:21 AM - Installer size is 47.43 MB.
06/29/12 02:42:21 AM - Build completed in 01m24s.
06/29/12 02:47:45 AM - Building message catalogs...
06/29/12 02:47:45 AM - Building Windows install...  
06/29/12 02:47:45 AM - Rebuilding without repackaging files...
06/29/12 02:47:45 AM - Building main.tcl...
06/29/12 02:47:45 AM - Saving install information...
06/29/12 02:47:46 AM - Building install...
06/29/12 02:47:47 AM - Windows build completed in 00m02s.
06/29/12 02:47:47 AM - Installer size is 47.91 MB.
06/29/12 02:47:47 AM - Build completed in 00m02s.
06/29/12 02:48:32 AM - Building message catalogs...
06/29/12 02:48:32 AM - Building Windows install...  
06/29/12 02:48:32 AM - Rebuilding without repackaging files...
06/29/12 02:48:32 AM - Building main.tcl...
06/29/12 02:48:32 AM - Saving install information...
06/29/12 02:48:34 AM - Building install...
06/29/12 02:48:35 AM - Windows build completed in 00m03s.
06/29/12 02:48:35 AM - Installer size is 48.38 MB.
06/29/12 02:48:35 AM - Build completed in 00m03s.
06/29/12 02:51:37 AM - Building message catalogs...
06/29/12 02:51:37 AM - Building Windows install...  
06/29/12 02:51:37 AM - Rebuilding without repackaging files...
06/29/12 02:51:37 AM - Building main.tcl...
06/29/12 02:51:37 AM - Refreshing file groups...
06/29/12 02:51:40 AM - Getting file list...
06/29/12 02:51:48 AM - Building file manifest...
06/29/12 02:51:49 AM - Saving install information...
06/29/12 02:51:50 AM - Building install...
06/29/12 02:51:51 AM - Building install executable...
06/29/12 02:52:18 AM - Windows build completed in 00m41s.
06/29/12 02:52:18 AM - Installer size is 47.43 MB.
06/29/12 02:52:18 AM - Build completed in 00m41s.
06/29/12 02:57:06 AM - Building message catalogs...
06/29/12 02:57:06 AM - Building Windows install...  
06/29/12 02:57:06 AM - Rebuilding without repackaging files...
06/29/12 02:57:06 AM - Building main.tcl...
06/29/12 02:57:06 AM - Saving install information...
06/29/12 02:57:08 AM - Building install...
06/29/12 02:57:13 AM - Windows build completed in 00m07s.
06/29/12 02:57:13 AM - Installer size is 47.91 MB.
06/29/12 02:57:13 AM - Build completed in 00m07s.
